<?xml version="1.0" encoding="UTF-8"?>
<!-- Generated by org.testng.reporters.JUnitReportReporter -->
<testsuite hostname="Meenakshi-PC" name="com.keyword.sample.Test" tests="1" failures="0" timestamp="24 Aug 2015 08:06:31 GMT" time="80.814" errors="0">
  <testcase name="test" time="80.814" classname="com.keyword.sample.Test"/>
</testsuite> <!-- com.keyword.sample.Test -->
