<?xml version="1.0" encoding="UTF-8"?>
<!-- Generated by org.testng.reporters.JUnitReportReporter -->
<testsuite hostname="logesh" name="com.keyword.sample.KeyWordExecutionTest" tests="1" failures="0" timestamp="29 Apr 2016 08:21:02 GMT" time="371.946" errors="0">
  <testcase name="test" time="371.946" classname="com.keyword.sample.KeyWordExecutionTest"/>
</testsuite> <!-- com.keyword.sample.KeyWordExecutionTest -->
